2022.03.10 13:59:02 INFO  tracing is disabled for protocol LSP, to enable tracing of incoming and outgoing JSON messages create an empty file at /home/angelcr/programming/scala/scala-course/.metals/lsp.trace.json or /home/angelcr/.cache/metals/lsp.trace.json[0m
2022.03.10 13:59:02 INFO  logging to file /home/angelcr/programming/scala/scala-course/.metals/metals.log[0m
2022.03.10 13:59:02 INFO  Started: Metals version 0.11.2 in workspace '/home/angelcr/programming/scala/scala-course' for client Visual Studio Code 1.63.2.[0m
2022.03.10 13:59:02 INFO  Parse release: 11.0.13[0m
2022.03.10 13:59:04 INFO  time: initialize in 1.8s[0m
2022.03.10 13:59:05 WARN  Build server is not auto-connectable.[0m
2022.03.10 13:59:05 WARN  no build tool detected in workspace '/home/angelcr/programming/scala/scala-course'. The most common cause for this problem is that the editor was opened in the wrong working directory, for example if you use sbt then the workspace directory should contain build.sbt. [0m
2022.03.10 13:59:06 WARN  no build target for: /home/angelcr/programming/scala/scala-course/objsets/src/main/scala/objsets/TweetSet.scala[0m
2022.03.10 13:59:20 INFO  no build target found for /home/angelcr/programming/scala/scala-course/objsets/src/main/scala/objsets/TweetSet.scala. Using presentation compiler with project's scala-library version: 3.1.1[0m
2022.03.10 13:59:20 INFO  shutting down Metals[0m
2022.03.10 13:59:22 INFO  time: evaluated worksheet 'week3.worksheet.sc' in 1.82s[0m
2022.03.10 13:59:22 INFO  time: code lens generation in 1.8s[0m
Exception in thread "pool-1-thread-6" java.lang.InterruptedException
	at java.base/java.util.concurrent.locks.AbstractQueuedSynchronizer.doAcquireSharedInterruptibly(AbstractQueuedSynchronizer.java:1040)
	at java.base/java.util.concurrent.locks.AbstractQueuedSynchronizer.acquireSharedInterruptibly(AbstractQueuedSynchronizer.java:1345)
	at coursierapi.shaded.scala.concurrent.impl.Promise$DefaultPromise.tryAwait0(Promise.scala:243)
	at coursierapi.shaded.scala.concurrent.impl.Promise$DefaultPromise.result(Promise.scala:261)
	at coursierapi.shaded.scala.concurrent.Await$.$anonfun$result$1(package.scala:201)
	at coursierapi.shaded.scala.concurrent.BlockContext$DefaultBlockContext$.blockOn(BlockContext.scala:62)
	at coursierapi.shaded.scala.concurrent.Await$.result(package.scala:124)
	at coursierapi.shaded.coursier.Fetch$FetchTaskOps$.eitherResult$extension(Fetch.scala:327)
	at coursierapi.shaded.coursier.internal.api.ApiHelper$.doFetch(ApiHelper.scala:334)
	at coursierapi.shaded.coursier.internal.api.ApiHelper.doFetch(ApiHelper.scala)
	at coursierapi.Fetch.fetchResult(Fetch.java:244)
	at coursierapi.Fetch.fetch(Fetch.java:239)
	at scala.meta.internal.metals.Embedded$.downloadDependency(Embedded.scala:238)
	at scala.meta.internal.metals.Embedded$.downloadScala3Sources(Embedded.scala:253)
	at scala.meta.internal.metals.StandaloneSymbolSearch$.$anonfun$getScala$1(StandaloneSymbolSearch.scala:211)
	at scala.meta.internal.metals.StandaloneSymbolSearch$.getScala(StandaloneSymbolSearch.scala:215)
	at scala.meta.internal.metals.StandaloneSymbolSearch$.addScalaAndJava(StandaloneSymbolSearch.scala:187)
	at scala.meta.internal.metals.StandaloneSymbolSearch$.apply(StandaloneSymbolSearch.scala:147)
	at scala.meta.internal.metals.Compilers.$anonfun$fallbackCompiler$3(Compilers.scala:150)
	at scala.util.Try$.apply(Try.scala:213)
	at scala.meta.internal.metals.Compilers.$anonfun$fallbackCompiler$1(Compilers.scala:142)
	at java.base/java.util.HashMap.compute(HashMap.java:1229)
	at java.base/java.util.Collections$SynchronizedMap.compute(Collections.java:2692)
	at scala.meta.internal.metals.Compilers.fallbackCompiler(Compilers.scala:124)
	at scala.meta.internal.metals.InteractiveSemanticdbs.$anonfun$scalaCompile$6(InteractiveSemanticdbs.scala:191)
	at scala.Option.getOrElse(Option.scala:189)
	at scala.meta.internal.metals.InteractiveSemanticdbs.scalaCompile(InteractiveSemanticdbs.scala:191)
	at scala.meta.internal.metals.InteractiveSemanticdbs.compile(InteractiveSemanticdbs.scala:168)
	at scala.meta.internal.metals.InteractiveSemanticdbs.$anonfun$textDocument$3(InteractiveSemanticdbs.scala:93)
	at scala.util.Try$.apply(Try.scala:213)
	at scala.meta.internal.metals.InteractiveSemanticdbs.$anonfun$textDocument$1(InteractiveSemanticdbs.scala:93)
	at java.base/java.util.HashMap.compute(HashMap.java:1229)
	at java.base/java.util.Collections$SynchronizedMap.compute(Collections.java:2692)
	at scala.meta.internal.metals.InteractiveSemanticdbs.textDocument(InteractiveSemanticdbs.scala:89)
	at scala.meta.internal.metals.InteractiveSemanticdbs.textDocument(InteractiveSemanticdbs.scala:63)
	at scala.meta.internal.metals.MetalsLanguageServer.$anonfun$didOpen$4(MetalsLanguageServer.scala:1056)
	at scala.util.Success.$anonfun$map$1(Try.scala:255)
	at scala.util.Success.map(Try.scala:213)
	at scala.concurrent.Future.$anonfun$map$1(Future.scala:292)
	at scala.concurrent.impl.Promise.liftedTree1$1(Promise.scala:33)
	at scala.concurrent.impl.Promise.$anonfun$transform$1(Promise.scala:33)
	at scala.concurrent.impl.CallbackRunnable.run(Promise.scala:64)
	at java.base/java.util.concurrent.ThreadPoolExecutor.runWorker(ThreadPoolExecutor.java:1128)
	at java.base/java.util.concurrent.ThreadPoolExecutor$Worker.run(ThreadPoolExecutor.java:628)
	at java.base/java.lang.Thread.run(Thread.java:829)
2022.03.10 13:59:22 INFO  time: code lens generation in 14s[0m
java.util.concurrent.RejectedExecutionException: Task scala.concurrent.impl.CallbackRunnable@563620d7 rejected from java.util.concurrent.ThreadPoolExecutor@517fb049[Shutting down, pool size = 2, active threads = 2, queued tasks = 0, completed tasks = 126]
	at java.base/java.util.concurrent.ThreadPoolExecutor$AbortPolicy.rejectedExecution(ThreadPoolExecutor.java:2055)
	at java.base/java.util.concurrent.ThreadPoolExecutor.reject(ThreadPoolExecutor.java:825)
	at java.base/java.util.concurrent.ThreadPoolExecutor.execute(ThreadPoolExecutor.java:1355)
	at scala.concurrent.impl.ExecutionContextImpl$$anon$4.execute(ExecutionContextImpl.scala:138)
	at scala.concurrent.impl.CallbackRunnable.executeWithValue(Promise.scala:72)
	at scala.concurrent.impl.Promise$DefaultPromise.$anonfun$tryComplete$1(Promise.scala:288)
	at scala.concurrent.impl.Promise$DefaultPromise.$anonfun$tryComplete$1$adapted(Promise.scala:288)
	at scala.concurrent.impl.Promise$DefaultPromise.tryComplete(Promise.scala:288)
	at scala.concurrent.Promise.complete(Promise.scala:53)
	at scala.concurrent.Promise.complete$(Promise.scala:52)
	at scala.concurrent.impl.Promise$DefaultPromise.complete(Promise.scala:187)
	at scala.concurrent.impl.Promise.$anonfun$transform$1(Promise.scala:33)
	at scala.concurrent.impl.CallbackRunnable.run(Promise.scala:64)
	at java.base/java.util.concurrent.ThreadPoolExecutor.runWorker(ThreadPoolExecutor.java:1128)
	at java.base/java.util.concurrent.ThreadPoolExecutor$Worker.run(ThreadPoolExecutor.java:628)
	at java.base/java.lang.Thread.run(Thread.java:829)
2022.03.10 13:59:22 WARN  resetting database: /home/angelcr/programming/scala/scala-course/.metals/metals.h2.db[0m
2022.03.10 14:00:27 INFO  tracing is disabled for protocol LSP, to enable tracing of incoming and outgoing JSON messages create an empty file at /home/angelcr/programming/scala/scala-course/.metals/lsp.trace.json or /home/angelcr/.cache/metals/lsp.trace.json[0m
2022.03.10 14:00:27 INFO  logging to file /home/angelcr/programming/scala/scala-course/.metals/metals.log[0m
2022.03.10 14:00:27 INFO  Started: Metals version 0.11.2 in workspace '/home/angelcr/programming/scala/scala-course' for client Visual Studio Code 1.63.2.[0m
2022.03.10 14:00:27 INFO  Parse release: 11.0.13[0m
2022.03.10 14:00:29 INFO  time: initialize in 1.83s[0m
2022.03.10 14:00:30 WARN  Build server is not auto-connectable.[0m
2022.03.10 14:00:30 WARN  no build tool detected in workspace '/home/angelcr/programming/scala/scala-course'. The most common cause for this problem is that the editor was opened in the wrong working directory, for example if you use sbt then the workspace directory should contain build.sbt. [0m
2022.03.10 14:00:40 INFO  no build target found for /home/angelcr/programming/scala/scala-course/scala-project/src/main/scala/week4.worksheet.sc. Using presentation compiler with project's scala-library version: 3.1.1[0m
2022.03.10 14:00:42 INFO  time: code lens generation in 10s[0m
2022.03.10 14:01:00 INFO  no build target found for /home/angelcr/programming/scala/scala-course/scala-project/src/main/scala/week4.worksheet.sc. Using presentation compiler with project's scala-library version: 3.1.1[0m
2022.03.10 14:01:00 INFO  time: evaluated worksheet 'week4.worksheet.sc' in 28s[0m
2022.03.10 18:23:14 INFO  shutting down Metals[0m
